Using pre-set license
Built from '2022.3/staging' branch; Version is '2022.3.9f1 (ea401c316338) revision 15351836'; Using compiler version '192829333'; Build Type 'Release'
OS: 'Windows 11  (10.0.22621) 64bit Core' Language: 'ko' Physical Memory: 32551 MB
BatchMode: 1, IsHumanControllingUs: 0, StartBugReporterOnCrash: 0, Is64bit: 1, IsPro: 1

COMMAND LINE ARGUMENTS:
C:\Program Files\Unity\Hub\Editor\2022.3.9f1\Editor\Unity.exe
-adb2
-batchMode
-noUpm
-name
AssetImportWorker2
-projectPath
D:/MJAAA/MjprojectBBB
-logFile
Logs/AssetImportWorker2.log
-srvPort
60000
Successfully changed project path to: D:/MJAAA/MjprojectBBB
D:/MJAAA/MjprojectBBB
[UnityMemory] Configuration Parameters - Can be set up in boot.config
    "memorysetup-bucket-allocator-granularity=16"
    "memorysetup-bucket-allocator-bucket-count=8"
    "memorysetup-bucket-allocator-block-size=33554432"
    "memorysetup-bucket-allocator-block-count=8"
    "memorysetup-main-allocator-block-size=16777216"
    "memorysetup-thread-allocator-block-size=16777216"
    "memorysetup-gfx-main-allocator-block-size=16777216"
    "memorysetup-gfx-thread-allocator-block-size=16777216"
    "memorysetup-cache-allocator-block-size=4194304"
    "memorysetup-typetree-allocator-block-size=2097152"
    "memorysetup-profiler-bucket-allocator-granularity=16"
    "memorysetup-profiler-bucket-allocator-bucket-count=8"
    "memorysetup-profiler-bucket-allocator-block-size=33554432"
    "memorysetup-profiler-bucket-allocator-block-count=8"
    "memorysetup-profiler-allocator-block-size=16777216"
    "memorysetup-profiler-editor-allocator-block-size=1048576"
    "memorysetup-temp-allocator-size-main=16777216"
    "memorysetup-job-temp-allocator-block-size=2097152"
    "memorysetup-job-temp-allocator-block-size-background=1048576"
    "memorysetup-job-temp-allocator-reduction-small-platforms=262144"
    "memorysetup-allocator-temp-initial-block-size-main=262144"
    "memorysetup-allocator-temp-initial-block-size-worker=262144"
    "memorysetup-temp-allocator-size-background-worker=32768"
    "memorysetup-temp-allocator-size-job-worker=262144"
    "memorysetup-temp-allocator-size-preload-manager=33554432"
    "memorysetup-temp-allocator-size-nav-mesh-worker=65536"
    "memorysetup-temp-allocator-size-audio-worker=65536"
    "memorysetup-temp-allocator-size-cloud-worker=32768"
    "memorysetup-temp-allocator-size-gi-baking-worker=262144"
    "memorysetup-temp-allocator-size-gfx=262144"
Player connection [1792] Host "[IP] 192.168.219.108 [Port] 0 [Flags] 2 [Guid] 2543740102 [EditorId] 2543740102 [Version] 1048832 [Id] WindowsEditor(7,WhiteDeepSystem-Mak3) [Debug] 1 [PackageName] WindowsEditor [ProjectName] Editor" joined multi-casting on [225.0.0.222:54997]...

Player connection [1792] Host "[IP] 192.168.219.108 [Port] 0 [Flags] 2 [Guid] 2543740102 [EditorId] 2543740102 [Version] 1048832 [Id] WindowsEditor(7,WhiteDeepSystem-Mak3) [Debug] 1 [PackageName] WindowsEditor [ProjectName] Editor" joined alternative multi-casting on [225.0.0.222:34997]...

[Physics::Module] Initialized MultithreadedJobDispatcher with 15 workers.
Refreshing native plugins compatible for Editor in 8.09 ms, found 3 plugins.
Preloading 0 native plugins for Editor in 0.00 ms.
Initialize engine version: 2022.3.9f1 (ea401c316338)
[Subsystems] Discovering subsystems at path C:/Program Files/Unity/Hub/Editor/2022.3.9f1/Editor/Data/Resources/UnitySubsystems
[Subsystems] Discovering subsystems at path D:/MJAAA/MjprojectBBB/Assets
GfxDevice: creating device client; threaded=0; jobified=0
Direct3D:
    Version:  Direct3D 11.0 [level 11.1]
    Renderer: NVIDIA GeForce RTX 3060 Laptop GPU (ID=0x2560)
    Vendor:   NVIDIA
    VRAM:     6009 MB
    Driver:   31.0.15.3640
Initialize mono
Mono path[0] = 'C:/Program Files/Unity/Hub/Editor/2022.3.9f1/Editor/Data/Managed'
Mono path[1] = 'C:/Program Files/Unity/Hub/Editor/2022.3.9f1/Editor/Data/MonoBleedingEdge/lib/mono/unityjit-win32'
Mono config path = 'C:/Program Files/Unity/Hub/Editor/2022.3.9f1/Editor/Data/MonoBleedingEdge/etc'
Using monoOptions --debugger-agent=transport=dt_socket,embedding=1,server=y,suspend=n,address=127.0.0.1:56484
Begin MonoManager ReloadAssembly
Registering precompiled unity dll's ...
Register platform support module: C:/Program Files/Unity/Hub/Editor/2022.3.9f1/Editor/Data/PlaybackEngines/WebGLSupport/UnityEditor.WebGL.Extensions.dll
Register platform support module: C:/Program Files/Unity/Hub/Editor/2022.3.9f1/Editor/Data/PlaybackEngines/WindowsStandaloneSupport/UnityEditor.WindowsStandalone.Extensions.dll
Register platform support module: C:/Program Files/Unity/Hub/Editor/2022.3.9f1/Editor/Data/PlaybackEngines/MetroSupport/UnityEditor.UWP.Extensions.dll
Registered in 0.010094 seconds.
- Loaded All Assemblies, in  0.321 seconds
Native extension for UWP target not found
Native extension for WindowsStandalone target not found
Native extension for WebGL target not found
Mono: successfully reloaded assembly
- Finished resetting the current domain, in  0.215 seconds
Domain Reload Profiling: 534ms
	BeginReloadAssembly (99ms)
		ExecutionOrderSort (0ms)
		DisableScriptedObjects (0ms)
		BackupInstance (0ms)
		ReleaseScriptingObjects (0ms)
		CreateAndSetChildDomain (1ms)
	RebuildCommonClasses (30ms)
	RebuildNativeTypeToScriptingClass (9ms)
	initialDomainReloadingComplete (56ms)
	LoadAllAssembliesAndSetupDomain (124ms)
		LoadAssemblies (99ms)
		RebuildTransferFunctionScriptingTraits (0ms)
		AnalyzeDomain (121ms)
			TypeCache.Refresh (120ms)
				TypeCache.ScanAssembly (107ms)
			ScanForSourceGeneratedMonoScriptInfo (0ms)
			ResolveRequiredComponents (0ms)
	FinalizeReload (215ms)
		ReleaseScriptCaches (0ms)
		RebuildScriptCaches (0ms)
		SetupLoadedEditorAssemblies (168ms)
			LogAssemblyErrors (0ms)
			InitializePlatformSupportModulesInManaged (10ms)
			SetLoadedEditorAssemblies (5ms)
			RefreshPlugins (0ms)
			BeforeProcessingInitializeOnLoad (2ms)
			ProcessInitializeOnLoadAttributes (109ms)
			ProcessInitializeOnLoadMethodAttributes (43ms)
			AfterProcessingInitializeOnLoad (0ms)
			EditorAssembliesLoaded (0ms)
		ExecutionOrderSort2 (0ms)
		AwakeInstancesAfterBackupRestoration (0ms)
========================================================================
Worker process is ready to serve import requests
Begin MonoManager ReloadAssembly
- Loaded All Assemblies, in  0.660 seconds
Refreshing native plugins compatible for Editor in 3.78 ms, found 3 plugins.
Native extension for UWP target not found
Native extension for WindowsStandalone target not found
Native extension for WebGL target not found
Package Manager log level set to [2]
[Package Manager] Server::EnsureServerProcessIsRunning -- launch failed, reason: Unity was launched with the -noUpm command-line argument
[Package Manager] UpmClient::Send -- Unable to send message (not connected to UPM process).
[Package Manager] Cannot connect to Unity Package Manager local server
Mono: successfully reloaded assembly
- Finished resetting the current domain, in  0.654 seconds
Domain Reload Profiling: 1312ms
	BeginReloadAssembly (140ms)
		ExecutionOrderSort (0ms)
		DisableScriptedObjects (5ms)
		BackupInstance (0ms)
		ReleaseScriptingObjects (0ms)
		CreateAndSetChildDomain (23ms)
	RebuildCommonClasses (30ms)
	RebuildNativeTypeToScriptingClass (9ms)
	initialDomainReloadingComplete (36ms)
	LoadAllAssembliesAndSetupDomain (443ms)
		LoadAssemblies (285ms)
		RebuildTransferFunctionScriptingTraits (0ms)
		AnalyzeDomain (238ms)
			TypeCache.Refresh (202ms)
				TypeCache.ScanAssembly (183ms)
			ScanForSourceGeneratedMonoScriptInfo (25ms)
			ResolveRequiredComponents (9ms)
	FinalizeReload (654ms)
		ReleaseScriptCaches (0ms)
		RebuildScriptCaches (0ms)
		SetupLoadedEditorAssemblies (490ms)
			LogAssemblyErrors (0ms)
			InitializePlatformSupportModulesInManaged (10ms)
			SetLoadedEditorAssemblies (3ms)
			RefreshPlugins (0ms)
			BeforeProcessingInitializeOnLoad (67ms)
			ProcessInitializeOnLoadAttributes (342ms)
			ProcessInitializeOnLoadMethodAttributes (58ms)
			AfterProcessingInitializeOnLoad (9ms)
			EditorAssembliesLoaded (0ms)
		ExecutionOrderSort2 (0ms)
		AwakeInstancesAfterBackupRestoration (12ms)
Launched and connected shader compiler UnityShaderCompiler.exe after 0.08 seconds
Refreshing native plugins compatible for Editor in 3.32 ms, found 3 plugins.
Preloading 0 native plugins for Editor in 0.00 ms.
Unloading 6080 Unused Serialized files (Serialized files now loaded: 0)
Unloading 78 unused Assets / (0.7 MB). Loaded Objects now: 6556.
Memory consumption went from 333.5 MB to 332.8 MB.
Total: 4.621800 ms (FindLiveObjects: 0.557300 ms CreateObjectMapping: 0.295100 ms MarkObjects: 3.144000 ms  DeleteObjects: 0.623600 ms)

AssetImportParameters requested are different than current active one (requested -> active):
  custom:container-demuxer-ogg: 62fdf1f143b41e24485cea50d1cbac27 -> 
  custom:video-decoder-ogg-theora: a1e56fd34408186e4bbccfd4996cb3dc -> 
  custom:framework-win-MediaFoundation: 216162199b28c13a410421893ffa2e32 -> 
  custom:CustomObjectIndexerAttribute: a3ef5dd2817f97addfee359851a9dba5 -> 
  custom:container-demuxer-webm: 4f35f7cbe854078d1ac9338744f61a02 -> 
  custom:container-muxer-webm: aa71ff27fc2769a1b78a27578f13a17b -> 
  custom:video-decoder-webm-vp8: 9c59270c3fd7afecdb556c50c9e8de78 -> 
  custom:SearchIndexIgnoredProperties: e643bd26f0fe6173181afceb89e7c659 -> 
  custom:AudioImporter_EditorPlatform: d09bf68614088b80899f8185d706f6e7 -> 
  custom:video-encoder-webm-vp8: eb34c28f22e8b96e1ab97ce403110664 -> 
  custom:audio-decoder-ogg-vorbis: bf7c407c2cedff20999df2af8eb42d56 -> 
  custom:audio-encoder-webm-vorbis: bf7c407c2cedff20999df2af8eb42d56 -> 
========================================================================
Received Import Request.
  Time since last request: 556422.359430 seconds.
  path: Assets/Beautify/Resources/Textures/dirt1.png
  artifactKey: Guid(497391d2b220f4b588c8707828d383fc) Importer(815301076,1909f56bfc062723c751e8b465ee728b)
Start importing Assets/Beautify/Resources/Textures/dirt1.png using Guid(497391d2b220f4b588c8707828d383fc) Importer(815301076,1909f56bfc062723c751e8b465ee728b)  -> (artifact id: '12bbd4013257cafba2cd28e1a52a329c') in 0.070040 seconds
Number of updated asset objects reloaded before import = 0
Number of asset objects unloaded after import = 2
========================================================================
Received Import Request.
  Time since last request: 0.000016 seconds.
  path: Assets/Beautify/Resources/Textures/LUTSepia.png
  artifactKey: Guid(b8fc4d47ab82140b6add161a4d3ea695) Importer(815301076,1909f56bfc062723c751e8b465ee728b)
Start importing Assets/Beautify/Resources/Textures/LUTSepia.png using Guid(b8fc4d47ab82140b6add161a4d3ea695) Importer(815301076,1909f56bfc062723c751e8b465ee728b)  -> (artifact id: '71faa106f533965cd43bade629582448') in 0.021941 seconds
Number of updated asset objects reloaded before import = 0
Number of asset objects unloaded after import = 2
========================================================================
Received Import Request.
  Time since last request: 0.000017 seconds.
  path: Assets/Beautify/Resources/Textures/dirt5.png
  artifactKey: Guid(c51ac95356f5b4a129042df08e58c84d) Importer(815301076,1909f56bfc062723c751e8b465ee728b)
Start importing Assets/Beautify/Resources/Textures/dirt5.png using Guid(c51ac95356f5b4a129042df08e58c84d) Importer(815301076,1909f56bfc062723c751e8b465ee728b)  -> (artifact id: 'a467e66e3392ca9de42edbdc2d03ec12') in 0.019740 seconds
Number of updated asset objects reloaded before import = 0
Number of asset objects unloaded after import = 2
========================================================================
Received Import Request.
  Time since last request: 5.650784 seconds.
  path: Assets/Beautify/Resources/Shaders/Beautify.shader
  artifactKey: Guid(1cb716be5dc9d4230ada327d9468ff41) Importer(815301076,1909f56bfc062723c751e8b465ee728b)
Start importing Assets/Beautify/Resources/Shaders/Beautify.shader using Guid(1cb716be5dc9d4230ada327d9468ff41) Importer(815301076,1909f56bfc062723c751e8b465ee728b)  -> (artifact id: '463cc2f8370c554bae04b4283edef30c') in 0.000963 seconds
Number of updated asset objects reloaded before import = 0
Number of asset objects unloaded after import = 0
========================================================================
Received Import Request.
  Time since last request: 16.713009 seconds.
  path: Assets/Beautify/URP/Demo
  artifactKey: Guid(7da73911376c04403a2c651fb4ed8db4) Importer(815301076,1909f56bfc062723c751e8b465ee728b)
Start importing Assets/Beautify/URP/Demo using Guid(7da73911376c04403a2c651fb4ed8db4) Importer(815301076,1909f56bfc062723c751e8b465ee728b)  -> (artifact id: 'b51b0f3a2b6d347e7992a286574c4517') in 0.000614 seconds
Number of updated asset objects reloaded before import = 0
Number of asset objects unloaded after import = 0
========================================================================
Received Import Request.
  Time since last request: 2.484498 seconds.
  path: Assets/Beautify/URP/Demo/Scene.unity
  artifactKey: Guid(676780d52cde7471f8536d9000b39b80) Importer(815301076,1909f56bfc062723c751e8b465ee728b)
Start importing Assets/Beautify/URP/Demo/Scene.unity using Guid(676780d52cde7471f8536d9000b39b80) Importer(815301076,1909f56bfc062723c751e8b465ee728b)  -> (artifact id: 'd400273b72bd11344d16574958681ee4') in 0.000722 seconds
Number of updated asset objects reloaded before import = 0
Number of asset objects unloaded after import = 0
========================================================================
Received Import Request.
  Time since last request: 4.258737 seconds.
  path: Assets/Beautify/URP/Demo/Scene_DepthOfField.unity
  artifactKey: Guid(5b607301e68434e6e90ec78a5b0bcc39) Importer(815301076,1909f56bfc062723c751e8b465ee728b)
Start importing Assets/Beautify/URP/Demo/Scene_DepthOfField.unity using Guid(5b607301e68434e6e90ec78a5b0bcc39) Importer(815301076,1909f56bfc062723c751e8b465ee728b)  -> (artifact id: 'f2ac4be5fdee983a56569dbd4df3fa25') in 0.000630 seconds
Number of updated asset objects reloaded before import = 0
Number of asset objects unloaded after import = 0
========================================================================
Received Import Request.
  Time since last request: 13.215247 seconds.
  path: Assets/Beautify/URP/Demo/Scene_LUTBlending.unity
  artifactKey: Guid(b41fd1587d3de4335b76c648ed479ae4) Importer(815301076,1909f56bfc062723c751e8b465ee728b)
Start importing Assets/Beautify/URP/Demo/Scene_LUTBlending.unity using Guid(b41fd1587d3de4335b76c648ed479ae4) Importer(815301076,1909f56bfc062723c751e8b465ee728b)  -> (artifact id: 'e7bce6fbf6bd23f3a49f68bd02a01222') in 0.000574 seconds
Number of updated asset objects reloaded before import = 0
Number of asset objects unloaded after import = 0
========================================================================
Received Import Request.
  Time since last request: 80.810006 seconds.
  path: Assets/Scenes/Main.unity
  artifactKey: Guid(e563cd2668d306044b1cdfb7bcdeb2e7) Importer(815301076,1909f56bfc062723c751e8b465ee728b)
Start importing Assets/Scenes/Main.unity using Guid(e563cd2668d306044b1cdfb7bcdeb2e7) Importer(815301076,1909f56bfc062723c751e8b465ee728b)  -> (artifact id: 'f1c3d5974b6944a3a908df2fe8fe6978') in 0.000855 seconds
Number of updated asset objects reloaded before import = 0
Number of asset objects unloaded after import = 0
========================================================================
Received Prepare
Begin MonoManager ReloadAssembly
- Loaded All Assemblies, in  0.473 seconds
Refreshing native plugins compatible for Editor in 3.43 ms, found 3 plugins.
Native extension for UWP target not found
Native extension for WindowsStandalone target not found
Native extension for WebGL target not found
[Package Manager] Server::EnsureServerProcessIsRunning -- launch failed, reason: Unity was launched with the -noUpm command-line argument
[Package Manager] UpmClient::Send -- Unable to send message (not connected to UPM process).
[Package Manager] Cannot connect to Unity Package Manager local server
Mono: successfully reloaded assembly
- Finished resetting the current domain, in  1.083 seconds
Domain Reload Profiling: 1554ms
	BeginReloadAssembly (166ms)
		ExecutionOrderSort (0ms)
		DisableScriptedObjects (3ms)
		BackupInstance (0ms)
		ReleaseScriptingObjects (0ms)
		CreateAndSetChildDomain (48ms)
	RebuildCommonClasses (41ms)
	RebuildNativeTypeToScriptingClass (10ms)
	initialDomainReloadingComplete (35ms)
	LoadAllAssembliesAndSetupDomain (219ms)
		LoadAssemblies (278ms)
		RebuildTransferFunctionScriptingTraits (0ms)
		AnalyzeDomain (22ms)
			TypeCache.Refresh (11ms)
				TypeCache.ScanAssembly (0ms)
			ScanForSourceGeneratedMonoScriptInfo (0ms)
			ResolveRequiredComponents (10ms)
	FinalizeReload (1084ms)
		ReleaseScriptCaches (0ms)
		RebuildScriptCaches (0ms)
		SetupLoadedEditorAssemblies (472ms)
			LogAssemblyErrors (0ms)
			InitializePlatformSupportModulesInManaged (9ms)
			SetLoadedEditorAssemblies (3ms)
			RefreshPlugins (0ms)
			BeforeProcessingInitializeOnLoad (78ms)
			ProcessInitializeOnLoadAttributes (317ms)
			ProcessInitializeOnLoadMethodAttributes (58ms)
			AfterProcessingInitializeOnLoad (7ms)
			EditorAssembliesLoaded (0ms)
		ExecutionOrderSort2 (0ms)
		AwakeInstancesAfterBackupRestoration (13ms)
Refreshing native plugins compatible for Editor in 2.29 ms, found 3 plugins.
Preloading 0 native plugins for Editor in 0.00 ms.
Unloading 5902 Unused Serialized files (Serialized files now loaded: 0)
Unloading 47 unused Assets / (0.7 MB). Loaded Objects now: 6564.
Memory consumption went from 290.2 MB to 289.5 MB.
Total: 3.946100 ms (FindLiveObjects: 0.464400 ms CreateObjectMapping: 0.277200 ms MarkObjects: 2.902000 ms  DeleteObjects: 0.301200 ms)

Prepare: number of updated asset objects reloaded= 0
AssetImportParameters requested are different than current active one (requested -> active):
  custom:container-demuxer-ogg: 62fdf1f143b41e24485cea50d1cbac27 -> 
  custom:video-decoder-ogg-theora: a1e56fd34408186e4bbccfd4996cb3dc -> 
  custom:framework-win-MediaFoundation: 216162199b28c13a410421893ffa2e32 -> 
  custom:CustomObjectIndexerAttribute: a3ef5dd2817f97addfee359851a9dba5 -> 
  custom:container-demuxer-webm: 4f35f7cbe854078d1ac9338744f61a02 -> 
  custom:container-muxer-webm: aa71ff27fc2769a1b78a27578f13a17b -> 
  custom:video-decoder-webm-vp8: 9c59270c3fd7afecdb556c50c9e8de78 -> 
  custom:SearchIndexIgnoredProperties: e643bd26f0fe6173181afceb89e7c659 -> 
  custom:AudioImporter_EditorPlatform: d09bf68614088b80899f8185d706f6e7 -> 
  custom:video-encoder-webm-vp8: eb34c28f22e8b96e1ab97ce403110664 -> 
  custom:audio-decoder-ogg-vorbis: bf7c407c2cedff20999df2af8eb42d56 -> 
  custom:audio-encoder-webm-vorbis: bf7c407c2cedff20999df2af8eb42d56 -> 
========================================================================
Received Import Request.
  Time since last request: 36.443602 seconds.
  path: Assets/Scenes/Main.unity
  artifactKey: Guid(e563cd2668d306044b1cdfb7bcdeb2e7) Importer(815301076,1909f56bfc062723c751e8b465ee728b)
Start importing Assets/Scenes/Main.unity using Guid(e563cd2668d306044b1cdfb7bcdeb2e7) Importer(815301076,1909f56bfc062723c751e8b465ee728b)  -> (artifact id: '23508be31b71d4f24374fd994d45ef89') in 0.014878 seconds
Number of updated asset objects reloaded before import = 0
Number of asset objects unloaded after import = 0
========================================================================
Received Import Request.
  Time since last request: 6.284258 seconds.
  path: Assets/Beautify/Scripts
  artifactKey: Guid(c9c9c8fee0c604d789c4da6f52768d85) Importer(815301076,1909f56bfc062723c751e8b465ee728b)
Start importing Assets/Beautify/Scripts using Guid(c9c9c8fee0c604d789c4da6f52768d85) Importer(815301076,1909f56bfc062723c751e8b465ee728b)  -> (artifact id: '732fb4382f335f1be5edc53d192c7577') in 0.000722 seconds
Number of updated asset objects reloaded before import = 0
Number of asset objects unloaded after import = 0
========================================================================
Received Import Request.
  Time since last request: 1.455069 seconds.
  path: Assets/Beautify/Scripts/Beautify.ShaderParams.cs
  artifactKey: Guid(cd430db9169d34853bcf913d90522d88) Importer(815301076,1909f56bfc062723c751e8b465ee728b)
Start importing Assets/Beautify/Scripts/Beautify.ShaderParams.cs using Guid(cd430db9169d34853bcf913d90522d88) Importer(815301076,1909f56bfc062723c751e8b465ee728b)  -> (artifact id: '4a2acf763ba29ff6e7a5eb13e9e0e6f8') in 0.000514 seconds
Number of updated asset objects reloaded before import = 0
Number of asset objects unloaded after import = 0
========================================================================
Received Import Request.
  Time since last request: 1.713394 seconds.
  path: Assets/Beautify/Scripts/BeautifyProfile.cs
  artifactKey: Guid(8a6a4566c8b774512813a3992aa8b88d) Importer(815301076,1909f56bfc062723c751e8b465ee728b)
Start importing Assets/Beautify/Scripts/BeautifyProfile.cs using Guid(8a6a4566c8b774512813a3992aa8b88d) Importer(815301076,1909f56bfc062723c751e8b465ee728b)  -> (artifact id: '3268ec5e9744b9e40770a0604a46b9ce') in 0.000749 seconds
Number of updated asset objects reloaded before import = 0
Number of asset objects unloaded after import = 0
========================================================================
Received Import Request.
  Time since last request: 16.911684 seconds.
  path: Assets/Beautify/Scripts/Beautify.cs
  artifactKey: Guid(54415757aaddf4b8a9cd7122fd120cc6) Importer(815301076,1909f56bfc062723c751e8b465ee728b)
Start importing Assets/Beautify/Scripts/Beautify.cs using Guid(54415757aaddf4b8a9cd7122fd120cc6) Importer(815301076,1909f56bfc062723c751e8b465ee728b)  -> (artifact id: '0a919fd4e7efb3c4ce4adb5f4ad97f57') in 0.000503 seconds
Number of updated asset objects reloaded before import = 0
Number of asset objects unloaded after import = 0
========================================================================
Received Import Request.
  Time since last request: 71.041453 seconds.
  path: Assets/BeautifyProfile.asset
  artifactKey: Guid(3374b721fdfb1c642952752034d8a673) Importer(815301076,1909f56bfc062723c751e8b465ee728b)
Start importing Assets/BeautifyProfile.asset using Guid(3374b721fdfb1c642952752034d8a673) Importer(815301076,1909f56bfc062723c751e8b465ee728b)  -> (artifact id: '0c6dc3910f3508b7528f3f79fae1a8c4') in 0.012039 seconds
Number of updated asset objects reloaded before import = 0
Number of asset objects unloaded after import = 2
========================================================================
Received Prepare
Begin MonoManager ReloadAssembly
- Loaded All Assemblies, in  0.436 seconds
Refreshing native plugins compatible for Editor in 2.13 ms, found 3 plugins.
Native extension for UWP target not found
Native extension for WindowsStandalone target not found
Native extension for WebGL target not found
[Package Manager] Server::EnsureServerProcessIsRunning -- launch failed, reason: Unity was launched with the -noUpm command-line argument
[Package Manager] UpmClient::Send -- Unable to send message (not connected to UPM process).
[Package Manager] Cannot connect to Unity Package Manager local server
Mono: successfully reloaded assembly
- Finished resetting the current domain, in  0.988 seconds
Domain Reload Profiling: 1422ms
	BeginReloadAssembly (154ms)
		ExecutionOrderSort (0ms)
		DisableScriptedObjects (3ms)
		BackupInstance (0ms)
		ReleaseScriptingObjects (0ms)
		CreateAndSetChildDomain (41ms)
	RebuildCommonClasses (30ms)
	RebuildNativeTypeToScriptingClass (9ms)
	initialDomainReloadingComplete (29ms)
	LoadAllAssembliesAndSetupDomain (212ms)
		LoadAssemblies (274ms)
		RebuildTransferFunctionScriptingTraits (0ms)
		AnalyzeDomain (18ms)
			TypeCache.Refresh (8ms)
				TypeCache.ScanAssembly (0ms)
			ScanForSourceGeneratedMonoScriptInfo (0ms)
			ResolveRequiredComponents (9ms)
	FinalizeReload (988ms)
		ReleaseScriptCaches (0ms)
		RebuildScriptCaches (0ms)
		SetupLoadedEditorAssemblies (455ms)
			LogAssemblyErrors (0ms)
			InitializePlatformSupportModulesInManaged (9ms)
			SetLoadedEditorAssemblies (3ms)
			RefreshPlugins (0ms)
			BeforeProcessingInitializeOnLoad (67ms)
			ProcessInitializeOnLoadAttributes (309ms)
			ProcessInitializeOnLoadMethodAttributes (56ms)
			AfterProcessingInitializeOnLoad (9ms)
			EditorAssembliesLoaded (0ms)
		ExecutionOrderSort2 (0ms)
		AwakeInstancesAfterBackupRestoration (11ms)
Refreshing native plugins compatible for Editor in 3.80 ms, found 3 plugins.
Preloading 0 native plugins for Editor in 0.00 ms.
Unloading 5902 Unused Serialized files (Serialized files now loaded: 0)
Unloading 47 unused Assets / (0.7 MB). Loaded Objects now: 6567.
Memory consumption went from 290.2 MB to 289.5 MB.
Total: 5.598300 ms (FindLiveObjects: 0.476800 ms CreateObjectMapping: 0.509800 ms MarkObjects: 3.781300 ms  DeleteObjects: 0.829100 ms)

Prepare: number of updated asset objects reloaded= 0
AssetImportParameters requested are different than current active one (requested -> active):
  custom:container-demuxer-ogg: 62fdf1f143b41e24485cea50d1cbac27 -> 
  custom:video-decoder-ogg-theora: a1e56fd34408186e4bbccfd4996cb3dc -> 
  custom:framework-win-MediaFoundation: 216162199b28c13a410421893ffa2e32 -> 
  custom:CustomObjectIndexerAttribute: a3ef5dd2817f97addfee359851a9dba5 -> 
  custom:container-demuxer-webm: 4f35f7cbe854078d1ac9338744f61a02 -> 
  custom:container-muxer-webm: aa71ff27fc2769a1b78a27578f13a17b -> 
  custom:video-decoder-webm-vp8: 9c59270c3fd7afecdb556c50c9e8de78 -> 
  custom:SearchIndexIgnoredProperties: e643bd26f0fe6173181afceb89e7c659 -> 
  custom:AudioImporter_EditorPlatform: d09bf68614088b80899f8185d706f6e7 -> 
  custom:video-encoder-webm-vp8: eb34c28f22e8b96e1ab97ce403110664 -> 
  custom:audio-decoder-ogg-vorbis: bf7c407c2cedff20999df2af8eb42d56 -> 
  custom:audio-encoder-webm-vorbis: bf7c407c2cedff20999df2af8eb42d56 -> 
========================================================================
Received Prepare
Begin MonoManager ReloadAssembly
- Loaded All Assemblies, in  0.453 seconds
Refreshing native plugins compatible for Editor in 2.31 ms, found 3 plugins.
Native extension for UWP target not found
Native extension for WindowsStandalone target not found
Native extension for WebGL target not found
[Package Manager] Server::EnsureServerProcessIsRunning -- launch failed, reason: Unity was launched with the -noUpm command-line argument
[Package Manager] UpmClient::Send -- Unable to send message (not connected to UPM process).
[Package Manager] Cannot connect to Unity Package Manager local server
Mono: successfully reloaded assembly
- Finished resetting the current domain, in  1.121 seconds
Domain Reload Profiling: 1572ms
	BeginReloadAssembly (174ms)
		ExecutionOrderSort (0ms)
		DisableScriptedObjects (4ms)
		BackupInstance (0ms)
		ReleaseScriptingObjects (0ms)
		CreateAndSetChildDomain (44ms)
	RebuildCommonClasses (36ms)
	RebuildNativeTypeToScriptingClass (10ms)
	initialDomainReloadingComplete (31ms)
	LoadAllAssembliesAndSetupDomain (199ms)
		LoadAssemblies (275ms)
		RebuildTransferFunctionScriptingTraits (0ms)
		AnalyzeDomain (19ms)
			TypeCache.Refresh (7ms)
				TypeCache.ScanAssembly (0ms)
			ScanForSourceGeneratedMonoScriptInfo (0ms)
			ResolveRequiredComponents (10ms)
	FinalizeReload (1122ms)
		ReleaseScriptCaches (0ms)
		RebuildScriptCaches (0ms)
		SetupLoadedEditorAssemblies (518ms)
			LogAssemblyErrors (0ms)
			InitializePlatformSupportModulesInManaged (10ms)
			SetLoadedEditorAssemblies (3ms)
			RefreshPlugins (0ms)
			BeforeProcessingInitializeOnLoad (75ms)
			ProcessInitializeOnLoadAttributes (352ms)
			ProcessInitializeOnLoadMethodAttributes (67ms)
			AfterProcessingInitializeOnLoad (10ms)
			EditorAssembliesLoaded (0ms)
		ExecutionOrderSort2 (0ms)
		AwakeInstancesAfterBackupRestoration (14ms)
Refreshing native plugins compatible for Editor in 4.62 ms, found 3 plugins.
Preloading 0 native plugins for Editor in 0.00 ms.
Unloading 5903 Unused Serialized files (Serialized files now loaded: 0)
Unloading 47 unused Assets / (0.7 MB). Loaded Objects now: 6570.
Memory consumption went from 290.4 MB to 289.8 MB.
Total: 6.232500 ms (FindLiveObjects: 0.605000 ms CreateObjectMapping: 1.043500 ms MarkObjects: 3.917800 ms  DeleteObjects: 0.664700 ms)

Prepare: number of updated asset objects reloaded= 0
AssetImportParameters requested are different than current active one (requested -> active):
  custom:container-demuxer-ogg: 62fdf1f143b41e24485cea50d1cbac27 -> 
  custom:video-decoder-ogg-theora: a1e56fd34408186e4bbccfd4996cb3dc -> 
  custom:framework-win-MediaFoundation: 216162199b28c13a410421893ffa2e32 -> 
  custom:CustomObjectIndexerAttribute: a3ef5dd2817f97addfee359851a9dba5 -> 
  custom:container-demuxer-webm: 4f35f7cbe854078d1ac9338744f61a02 -> 
  custom:container-muxer-webm: aa71ff27fc2769a1b78a27578f13a17b -> 
  custom:video-decoder-webm-vp8: 9c59270c3fd7afecdb556c50c9e8de78 -> 
  custom:SearchIndexIgnoredProperties: e643bd26f0fe6173181afceb89e7c659 -> 
  custom:AudioImporter_EditorPlatform: d09bf68614088b80899f8185d706f6e7 -> 
  custom:video-encoder-webm-vp8: eb34c28f22e8b96e1ab97ce403110664 -> 
  custom:audio-decoder-ogg-vorbis: bf7c407c2cedff20999df2af8eb42d56 -> 
  custom:audio-encoder-webm-vorbis: bf7c407c2cedff20999df2af8eb42d56 -> 
========================================================================
Received Prepare
Begin MonoManager ReloadAssembly
- Loaded All Assemblies, in  0.448 seconds
Refreshing native plugins compatible for Editor in 3.61 ms, found 3 plugins.
Native extension for UWP target not found
Native extension for WindowsStandalone target not found
Native extension for WebGL target not found
[Package Manager] Server::EnsureServerProcessIsRunning -- launch failed, reason: Unity was launched with the -noUpm command-line argument
[Package Manager] UpmClient::Send -- Unable to send message (not connected to UPM process).
[Package Manager] Cannot connect to Unity Package Manager local server
Mono: successfully reloaded assembly
- Finished resetting the current domain, in  0.955 seconds
Domain Reload Profiling: 1401ms
	BeginReloadAssembly (161ms)
		ExecutionOrderSort (0ms)
		DisableScriptedObjects (3ms)
		BackupInstance (0ms)
		ReleaseScriptingObjects (0ms)
		CreateAndSetChildDomain (40ms)
	RebuildCommonClasses (34ms)
	RebuildNativeTypeToScriptingClass (9ms)
	initialDomainReloadingComplete (27ms)
	LoadAllAssembliesAndSetupDomain (215ms)
		LoadAssemblies (281ms)
		RebuildTransferFunctionScriptingTraits (0ms)
		AnalyzeDomain (21ms)
			TypeCache.Refresh (7ms)
				TypeCache.ScanAssembly (0ms)
			ScanForSourceGeneratedMonoScriptInfo (0ms)
			ResolveRequiredComponents (12ms)
	FinalizeReload (955ms)
		ReleaseScriptCaches (0ms)
		RebuildScriptCaches (0ms)
		SetupLoadedEditorAssemblies (444ms)
			LogAssemblyErrors (0ms)
			InitializePlatformSupportModulesInManaged (9ms)
			SetLoadedEditorAssemblies (5ms)
			RefreshPlugins (0ms)
			BeforeProcessingInitializeOnLoad (67ms)
			ProcessInitializeOnLoadAttributes (291ms)
			ProcessInitializeOnLoadMethodAttributes (62ms)
			AfterProcessingInitializeOnLoad (11ms)
			EditorAssembliesLoaded (0ms)
		ExecutionOrderSort2 (0ms)
		AwakeInstancesAfterBackupRestoration (13ms)
Refreshing native plugins compatible for Editor in 4.06 ms, found 3 plugins.
Preloading 0 native plugins for Editor in 0.00 ms.
Unloading 5903 Unused Serialized files (Serialized files now loaded: 0)
Unloading 47 unused Assets / (0.7 MB). Loaded Objects now: 6573.
Memory consumption went from 290.4 MB to 289.8 MB.
Total: 3.865200 ms (FindLiveObjects: 0.546100 ms CreateObjectMapping: 0.288400 ms MarkObjects: 2.524900 ms  DeleteObjects: 0.504400 ms)

Prepare: number of updated asset objects reloaded= 0
AssetImportParameters requested are different than current active one (requested -> active):
  custom:container-demuxer-ogg: 62fdf1f143b41e24485cea50d1cbac27 -> 
  custom:video-decoder-ogg-theora: a1e56fd34408186e4bbccfd4996cb3dc -> 
  custom:framework-win-MediaFoundation: 216162199b28c13a410421893ffa2e32 -> 
  custom:CustomObjectIndexerAttribute: a3ef5dd2817f97addfee359851a9dba5 -> 
  custom:container-demuxer-webm: 4f35f7cbe854078d1ac9338744f61a02 -> 
  custom:container-muxer-webm: aa71ff27fc2769a1b78a27578f13a17b -> 
  custom:video-decoder-webm-vp8: 9c59270c3fd7afecdb556c50c9e8de78 -> 
  custom:SearchIndexIgnoredProperties: e643bd26f0fe6173181afceb89e7c659 -> 
  custom:AudioImporter_EditorPlatform: d09bf68614088b80899f8185d706f6e7 -> 
  custom:video-encoder-webm-vp8: eb34c28f22e8b96e1ab97ce403110664 -> 
  custom:audio-decoder-ogg-vorbis: bf7c407c2cedff20999df2af8eb42d56 -> 
  custom:audio-encoder-webm-vorbis: bf7c407c2cedff20999df2af8eb42d56 -> 
========================================================================
Received Import Request.
  Time since last request: 236.263174 seconds.
  path: Assets/Asset/JulienNoelAssets/DungeonKit/Models/Structures/DG_GroundTile_C.FBX
  artifactKey: Guid(ab08145627a22254ab59b249b856edd9) Importer(815301076,1909f56bfc062723c751e8b465ee728b)
Start importing Assets/Asset/JulienNoelAssets/DungeonKit/Models/Structures/DG_GroundTile_C.FBX using Guid(ab08145627a22254ab59b249b856edd9) Importer(815301076,1909f56bfc062723c751e8b465ee728b)  -> (artifact id: '38f8998adac4c8b89c17aecf91bced37') in 0.227396 seconds
Number of updated asset objects reloaded before import = 0
Number of asset objects unloaded after import = 13
========================================================================
Received Import Request.
  Time since last request: 0.000028 seconds.
  path: Assets/Asset/JulienNoelAssets/DungeonKit/Models/Structures/DG_GroundTile_E.FBX
  artifactKey: Guid(a94d2122cbdba3d45be714233b631ddd) Importer(815301076,1909f56bfc062723c751e8b465ee728b)
Start importing Assets/Asset/JulienNoelAssets/DungeonKit/Models/Structures/DG_GroundTile_E.FBX using Guid(a94d2122cbdba3d45be714233b631ddd) Importer(815301076,1909f56bfc062723c751e8b465ee728b)  -> (artifact id: 'e413b40a4dec4f5a4fb846694a040790') in 0.044143 seconds
Number of updated asset objects reloaded before import = 0
Number of asset objects unloaded after import = 13
========================================================================
Received Import Request.
  Time since last request: 0.000063 seconds.
  path: Assets/Asset/JulienNoelAssets/DungeonKit/Models/Structures/DG_GroundTile_G.FBX
  artifactKey: Guid(d0f8410b92e55014f83715845a79f485) Importer(815301076,1909f56bfc062723c751e8b465ee728b)
Start importing Assets/Asset/JulienNoelAssets/DungeonKit/Models/Structures/DG_GroundTile_G.FBX using Guid(d0f8410b92e55014f83715845a79f485) Importer(815301076,1909f56bfc062723c751e8b465ee728b)  -> (artifact id: 'c72b05b10fa854e4ca9bbe7e5a534962') in 0.028185 seconds
Number of updated asset objects reloaded before import = 0
Number of asset objects unloaded after import = 13
========================================================================
Received Prepare
Begin MonoManager ReloadAssembly
- Loaded All Assemblies, in  0.426 seconds
Refreshing native plugins compatible for Editor in 2.53 ms, found 3 plugins.
Native extension for UWP target not found
Native extension for WindowsStandalone target not found
Native extension for WebGL target not found
[Package Manager] Server::EnsureServerProcessIsRunning -- launch failed, reason: Unity was launched with the -noUpm command-line argument
[Package Manager] UpmClient::Send -- Unable to send message (not connected to UPM process).
[Package Manager] Cannot connect to Unity Package Manager local server
Mono: successfully reloaded assembly
- Finished resetting the current domain, in  1.043 seconds
Domain Reload Profiling: 1467ms
	BeginReloadAssembly (151ms)
		ExecutionOrderSort (0ms)
		DisableScriptedObjects (3ms)
		BackupInstance (0ms)
		ReleaseScriptingObjects (0ms)
		CreateAndSetChildDomain (41ms)
	RebuildCommonClasses (34ms)
	RebuildNativeTypeToScriptingClass (9ms)
	initialDomainReloadingComplete (32ms)
	LoadAllAssembliesAndSetupDomain (196ms)
		LoadAssemblies (256ms)
		RebuildTransferFunctionScriptingTraits (0ms)
		AnalyzeDomain (18ms)
			TypeCache.Refresh (7ms)
				TypeCache.ScanAssembly (0ms)
			ScanForSourceGeneratedMonoScriptInfo (0ms)
			ResolveRequiredComponents (10ms)
	FinalizeReload (1043ms)
		ReleaseScriptCaches (0ms)
		RebuildScriptCaches (0ms)
		SetupLoadedEditorAssemblies (438ms)
			LogAssemblyErrors (0ms)
			InitializePlatformSupportModulesInManaged (9ms)
			SetLoadedEditorAssemblies (3ms)
			RefreshPlugins (0ms)
			BeforeProcessingInitializeOnLoad (64ms)
			ProcessInitializeOnLoadAttributes (299ms)
			ProcessInitializeOnLoadMethodAttributes (54ms)
			AfterProcessingInitializeOnLoad (9ms)
			EditorAssembliesLoaded (0ms)
		ExecutionOrderSort2 (0ms)
		AwakeInstancesAfterBackupRestoration (11ms)
Refreshing native plugins compatible for Editor in 2.76 ms, found 3 plugins.
Preloading 0 native plugins for Editor in 0.00 ms.
Unloading 5902 Unused Serialized files (Serialized files now loaded: 0)
Unloading 47 unused Assets / (0.7 MB). Loaded Objects now: 6585.
Memory consumption went from 294.6 MB to 293.9 MB.
Total: 4.651200 ms (FindLiveObjects: 0.570100 ms CreateObjectMapping: 0.326900 ms MarkObjects: 3.010100 ms  DeleteObjects: 0.742700 ms)

Prepare: number of updated asset objects reloaded= 0
AssetImportParameters requested are different than current active one (requested -> active):
  custom:container-demuxer-ogg: 62fdf1f143b41e24485cea50d1cbac27 -> 
  custom:video-decoder-ogg-theora: a1e56fd34408186e4bbccfd4996cb3dc -> 
  custom:framework-win-MediaFoundation: 216162199b28c13a410421893ffa2e32 -> 
  custom:CustomObjectIndexerAttribute: a3ef5dd2817f97addfee359851a9dba5 -> 
  custom:container-demuxer-webm: 4f35f7cbe854078d1ac9338744f61a02 -> 
  custom:container-muxer-webm: aa71ff27fc2769a1b78a27578f13a17b -> 
  custom:video-decoder-webm-vp8: 9c59270c3fd7afecdb556c50c9e8de78 -> 
  custom:SearchIndexIgnoredProperties: e643bd26f0fe6173181afceb89e7c659 -> 
  custom:AudioImporter_EditorPlatform: d09bf68614088b80899f8185d706f6e7 -> 
  custom:video-encoder-webm-vp8: eb34c28f22e8b96e1ab97ce403110664 -> 
  custom:audio-decoder-ogg-vorbis: bf7c407c2cedff20999df2af8eb42d56 -> 
  custom:audio-encoder-webm-vorbis: bf7c407c2cedff20999df2af8eb42d56 -> 
========================================================================
Received Import Request.
  Time since last request: 712.441132 seconds.
  path: Assets/Scenes/Main.unity
  artifactKey: Guid(e563cd2668d306044b1cdfb7bcdeb2e7) Importer(815301076,1909f56bfc062723c751e8b465ee728b)
Start importing Assets/Scenes/Main.unity using Guid(e563cd2668d306044b1cdfb7bcdeb2e7) Importer(815301076,1909f56bfc062723c751e8b465ee728b)  -> (artifact id: 'bdfe032da597a0d00894f2e3e5b70592') in 0.017221 seconds
Number of updated asset objects reloaded before import = 0
Number of asset objects unloaded after import = 0
========================================================================
Received Import Request.
  Time since last request: 99.943549 seconds.
  path: Assets/Asset/Health
  artifactKey: Guid(3e7d919f43e3cd94885e8aa7c1095889) Importer(815301076,1909f56bfc062723c751e8b465ee728b)
Start importing Assets/Asset/Health using Guid(3e7d919f43e3cd94885e8aa7c1095889) Importer(815301076,1909f56bfc062723c751e8b465ee728b)  -> (artifact id: 'afd90bb07784fcf1d3d827691c97a42f') in 0.000703 seconds
Number of updated asset objects reloaded before import = 0
Number of asset objects unloaded after import = 0
========================================================================
Received Import Request.
  Time since last request: 15.697134 seconds.
  path: Assets/Asset/Health/Player-HP-2.png
  artifactKey: Guid(4252061d4bafb0545b4fb55cce8d9ebb) Importer(815301076,1909f56bfc062723c751e8b465ee728b)
Start importing Assets/Asset/Health/Player-HP-2.png using Guid(4252061d4bafb0545b4fb55cce8d9ebb) Importer(815301076,1909f56bfc062723c751e8b465ee728b)  -> (artifact id: '281604f42e2ec7d5c9f2d97ba6c671db') in 0.065015 seconds
Number of updated asset objects reloaded before import = 0
Number of asset objects unloaded after import = 2
========================================================================
Received Import Request.
  Time since last request: 0.000027 seconds.
  path: Assets/Asset/Health/Player-HP-Full.png
  artifactKey: Guid(c22f6f9e65612ce46ade796bb9c9e1ab) Importer(815301076,1909f56bfc062723c751e8b465ee728b)
Start importing Assets/Asset/Health/Player-HP-Full.png using Guid(c22f6f9e65612ce46ade796bb9c9e1ab) Importer(815301076,1909f56bfc062723c751e8b465ee728b)  -> (artifact id: '195fb390dbc76b833ff932b4f0cd4524') in 0.021898 seconds
Number of updated asset objects reloaded before import = 0
Number of asset objects unloaded after import = 2
========================================================================
Received Import Request.
  Time since last request: 0.000031 seconds.
  path: Assets/Asset/Health/Player-HP-Last.png
  artifactKey: Guid(5e139458a67a4c644954b271a9b63d49) Importer(815301076,1909f56bfc062723c751e8b465ee728b)
Start importing Assets/Asset/Health/Player-HP-Last.png using Guid(5e139458a67a4c644954b271a9b63d49) Importer(815301076,1909f56bfc062723c751e8b465ee728b)  -> (artifact id: 'f4abe616383370ee939ff8e711b972c6') in 0.019983 seconds
Number of updated asset objects reloaded before import = 0
Number of asset objects unloaded after import = 2
========================================================================
Received Import Request.
  Time since last request: 8.736976 seconds.
  path: Assets/JMO Assets/Cartoon FX Remaster/CFXR Assets/Misc/cfxr font AmazGoDaBold.png
  artifactKey: Guid(7ab74e659e1f0a34d9cfec21c478fc12) Importer(815301076,1909f56bfc062723c751e8b465ee728b)
Start importing Assets/JMO Assets/Cartoon FX Remaster/CFXR Assets/Misc/cfxr font AmazGoDaBold.png using Guid(7ab74e659e1f0a34d9cfec21c478fc12) Importer(815301076,1909f56bfc062723c751e8b465ee728b)  -> (artifact id: 'fe078b5b3f1b3c1a956ce0054fc2a972') in 0.280700 seconds
Number of updated asset objects reloaded before import = 0
Number of asset objects unloaded after import = 70
========================================================================
Received Import Request.
  Time since last request: 72.692900 seconds.
  path: Assets/Asset/Health/Player-HP-2.png
  artifactKey: Guid(4252061d4bafb0545b4fb55cce8d9ebb) Importer(815301076,1909f56bfc062723c751e8b465ee728b)
Start importing Assets/Asset/Health/Player-HP-2.png using Guid(4252061d4bafb0545b4fb55cce8d9ebb) Importer(815301076,1909f56bfc062723c751e8b465ee728b)  -> (artifact id: '66c9e2f73790a2a69a1131470e3c98af') in 0.028144 seconds
Number of updated asset objects reloaded before import = 0
Number of asset objects unloaded after import = 3
========================================================================
Received Import Request.
  Time since last request: 0.000027 seconds.
  path: Assets/Asset/Health/Player-HP-Bar-Icon.png
  artifactKey: Guid(d2ad33d67a7832a4d8846d938e3517fc) Importer(815301076,1909f56bfc062723c751e8b465ee728b)
Start importing Assets/Asset/Health/Player-HP-Bar-Icon.png using Guid(d2ad33d67a7832a4d8846d938e3517fc) Importer(815301076,1909f56bfc062723c751e8b465ee728b)  -> (artifact id: '0f6056e1288751e5fc35b27271f2f81e') in 0.021437 seconds
Number of updated asset objects reloaded before import = 0
Number of asset objects unloaded after import = 3
========================================================================
Received Import Request.
  Time since last request: 0.000017 seconds.
  path: Assets/Asset/Health/Player-HP-Bar-Line.png
  artifactKey: Guid(44a918a728f37b941a57e401444c2181) Importer(815301076,1909f56bfc062723c751e8b465ee728b)
Start importing Assets/Asset/Health/Player-HP-Bar-Line.png using Guid(44a918a728f37b941a57e401444c2181) Importer(815301076,1909f56bfc062723c751e8b465ee728b)  -> (artifact id: 'd8d0efae069322fea83d712b9b54d41c') in 0.026338 seconds
Number of updated asset objects reloaded before import = 0
Number of asset objects unloaded after import = 3
Editor requested this worker to shutdown with reason: Scaling down because of idle timeout
TcpMessagingSession - receive error: operation aborted. errorcode: 995, details: 스레드 종료 또는 응용 프로그램 요청 때문에 I/O 작업이 취소되었습니다.
AssetImportWorker is now disconnected from the server
Process exiting
Exiting without the bug reporter. Application will terminate with return code 0